2016-11-06 22:09:08 [-][-][-][error][yii\db\Exception] exception 'PDOException' with message 'SQLSTATE[HY000] [1045] Access denied for user 'secmon'@'localhost' (using password: YES)' in C:\wamp64\www\secmon_backend\vendor\yiisoft\yii2\db\Connection.php:602
Stack trace:
#0 C:\wamp64\www\secmon_backend\vendor\yiisoft\yii2\db\Connection.php(602): PDO->__construct('mysql:host=loca...', 'secmon', 'secmon', NULL)
#1 C:\wamp64\www\secmon_backend\vendor\yiisoft\yii2\db\Connection.php(544): yii\db\Connection->createPdoInstance()
#2 C:\wamp64\www\secmon_backend\vendor\yiisoft\yii2\db\Connection.php(863): yii\db\Connection->open()
#3 C:\wamp64\www\secmon_backend\vendor\yiisoft\yii2\db\Connection.php(850): yii\db\Connection->getMasterPdo()
#4 C:\wamp64\www\secmon_backend\vendor\yiisoft\yii2\db\Command.php(219): yii\db\Connection->getSlavePdo()
#5 C:\wamp64\www\secmon_backend\vendor\yiisoft\yii2\db\Command.php(894): yii\db\Command->prepare(true)
#6 C:\wamp64\www\secmon_backend\vendor\yiisoft\yii2\db\Command.php(362): yii\db\Command->queryInternal('fetchAll', NULL)
#7 C:\wamp64\www\secmon_backend\vendor\yiisoft\yii2\db\mysql\Schema.php(198): yii\db\Command->queryAll()
#8 C:\wamp64\www\secmon_backend\vendor\yiisoft\yii2\db\mysql\Schema.php(97): yii\db\mysql\Schema->findColumns(Object(yii\db\TableSchema))
#9 C:\wamp64\www\secmon_backend\vendor\yiisoft\yii2\db\Schema.php(147): yii\db\mysql\Schema->loadTableSchema('migration')
#10 C:\wamp64\www\secmon_backend\vendor\yiisoft\yii2\console\controllers\MigrateController.php(199): yii\db\Schema->getTableSchema('{{%migration}}', true)
#11 C:\wamp64\www\secmon_backend\vendor\yiisoft\yii2\console\controllers\BaseMigrateController.php(771): yii\console\controllers\MigrateController->getMigrationHistory(NULL)
#12 C:\wamp64\www\secmon_backend\vendor\yiisoft\yii2\console\controllers\BaseMigrateController.php(135): yii\console\controllers\BaseMigrateController->getNewMigrations()
#13 [internal function]: yii\console\controllers\BaseMigrateController->actionUp(0)
#14 C:\wamp64\www\secmon_backend\vendor\yiisoft\yii2\base\InlineAction.php(55): call_user_func_array(Array, Array)
#15 C:\wamp64\www\secmon_backend\vendor\yiisoft\yii2\base\Controller.php(154): yii\base\InlineAction->runWithParams(Array)
#16 C:\wamp64\www\secmon_backend\vendor\yiisoft\yii2\console\Controller.php(128): yii\base\Controller->runAction('', Array)
#17 C:\wamp64\www\secmon_backend\vendor\yiisoft\yii2\base\Module.php(454): yii\console\Controller->runAction('', Array)
#18 C:\wamp64\www\secmon_backend\vendor\yiisoft\yii2\console\Application.php(180): yii\base\Module->runAction('migrate', Array)
#19 C:\wamp64\www\secmon_backend\vendor\yiisoft\yii2\console\Application.php(147): yii\console\Application->runAction('migrate', Array)
#20 C:\wamp64\www\secmon_backend\vendor\yiisoft\yii2\base\Application.php(375): yii\console\Application->handleRequest(Object(yii\console\Request))
#21 C:\wamp64\www\secmon_backend\yii(20): yii\base\Application->run()
#22 {main}

Next exception 'yii\db\Exception' with message 'SQLSTATE[HY000] [1045] Access denied for user 'secmon'@'localhost' (using password: YES)' in C:\wamp64\www\secmon_backend\vendor\yiisoft\yii2\db\Connection.php:549
Stack trace:
#0 C:\wamp64\www\secmon_backend\vendor\yiisoft\yii2\db\Connection.php(863): yii\db\Connection->open()
#1 C:\wamp64\www\secmon_backend\vendor\yiisoft\yii2\db\Connection.php(850): yii\db\Connection->getMasterPdo()
#2 C:\wamp64\www\secmon_backend\vendor\yiisoft\yii2\db\Command.php(219): yii\db\Connection->getSlavePdo()
#3 C:\wamp64\www\secmon_backend\vendor\yiisoft\yii2\db\Command.php(894): yii\db\Command->prepare(true)
#4 C:\wamp64\www\secmon_backend\vendor\yiisoft\yii2\db\Command.php(362): yii\db\Command->queryInternal('fetchAll', NULL)
#5 C:\wamp64\www\secmon_backend\vendor\yiisoft\yii2\db\mysql\Schema.php(198): yii\db\Command->queryAll()
#6 C:\wamp64\www\secmon_backend\vendor\yiisoft\yii2\db\mysql\Schema.php(97): yii\db\mysql\Schema->findColumns(Object(yii\db\TableSchema))
#7 C:\wamp64\www\secmon_backend\vendor\yiisoft\yii2\db\Schema.php(147): yii\db\mysql\Schema->loadTableSchema('migration')
#8 C:\wamp64\www\secmon_backend\vendor\yiisoft\yii2\console\controllers\MigrateController.php(199): yii\db\Schema->getTableSchema('{{%migration}}', true)
#9 C:\wamp64\www\secmon_backend\vendor\yiisoft\yii2\console\controllers\BaseMigrateController.php(771): yii\console\controllers\MigrateController->getMigrationHistory(NULL)
#10 C:\wamp64\www\secmon_backend\vendor\yiisoft\yii2\console\controllers\BaseMigrateController.php(135): yii\console\controllers\BaseMigrateController->getNewMigrations()
#11 [internal function]: yii\console\controllers\BaseMigrateController->actionUp(0)
#12 C:\wamp64\www\secmon_backend\vendor\yiisoft\yii2\base\InlineAction.php(55): call_user_func_array(Array, Array)
#13 C:\wamp64\www\secmon_backend\vendor\yiisoft\yii2\base\Controller.php(154): yii\base\InlineAction->runWithParams(Array)
#14 C:\wamp64\www\secmon_backend\vendor\yiisoft\yii2\console\Controller.php(128): yii\base\Controller->runAction('', Array)
#15 C:\wamp64\www\secmon_backend\vendor\yiisoft\yii2\base\Module.php(454): yii\console\Controller->runAction('', Array)
#16 C:\wamp64\www\secmon_backend\vendor\yiisoft\yii2\console\Application.php(180): yii\base\Module->runAction('migrate', Array)
#17 C:\wamp64\www\secmon_backend\vendor\yiisoft\yii2\console\Application.php(147): yii\console\Application->runAction('migrate', Array)
#18 C:\wamp64\www\secmon_backend\vendor\yiisoft\yii2\base\Application.php(375): yii\console\Application->handleRequest(Object(yii\console\Request))
#19 C:\wamp64\www\secmon_backend\yii(20): yii\base\Application->run()
#20 {main}
Additional Information:

2016-11-06 22:09:08 [-][-][-][info][application] $_SERVER = [
    'ALLUSERSPROFILE' => 'C:\\ProgramData'
    'APPDATA' => 'C:\\Users\\Norbert\\AppData\\Roaming'
    'CommonProgramFiles' => 'C:\\Program Files\\Common Files'
    'CommonProgramFiles(x86)' => 'C:\\Program Files (x86)\\Common Files'
    'CommonProgramW6432' => 'C:\\Program Files\\Common Files'
    'COMPUTERNAME' => 'NORDZISKO'
    'ComSpec' => 'C:\\WINDOWS\\system32\\cmd.exe'
    'FP_NO_HOST_CHECK' => 'NO'
    'HOMEDRIVE' => 'C:'
    'HOMEPATH' => '\\Users\\Norbert'
    'LOCALAPPDATA' => 'C:\\Users\\Norbert\\AppData\\Local'
    'LOGONSERVER' => '\\\\NORDZISKO'
    'NUMBER_OF_PROCESSORS' => '4'
    'OS' => 'Windows_NT'
    'Path' => 'C:\\WINDOWS\\system32;C:\\WINDOWS;C:\\WINDOWS\\System32\\Wbem;C:\\WINDOWS\\System32\\WindowsPowerShell\\v1.0\\;C:\\Program Files (x86)\\ATI Technologies\\ATI.ACE\\Core-Static;C:\\Program Files\\MiKTeX 2.9\\miktex\\bin\\x64\\;C:\\wamp64\\bin\\php\\php5.6.25;C:\\ProgramData\\ComposerSetup\\bin;C:\\Program Files\\Git\\cmd;C:\\Users\\Norbert\\AppData\\Local\\Microsoft\\WindowsApps;C:\\Users\\Norbert\\AppData\\Roaming\\Composer\\vendor\\bin;C:\\wamp64\\bin\\php\\php7.0.10'
    'PATHEXT' => '.COM;.EXE;.BAT;.CMD;.VBS;.VBE;.JS;.JSE;.WSF;.WSH;.MSC'
    'PHP_COMMAND' => 'php.exe'
    'PROCESSOR_ARCHITECTURE' => 'AMD64'
    'PROCESSOR_IDENTIFIER' => 'Intel64 Family 6 Model 58 Stepping 9, GenuineIntel'
    'PROCESSOR_LEVEL' => '6'
    'PROCESSOR_REVISION' => '3a09'
    'ProgramData' => 'C:\\ProgramData'
    'ProgramFiles' => 'C:\\Program Files'
    'ProgramFiles(x86)' => 'C:\\Program Files (x86)'
    'ProgramW6432' => 'C:\\Program Files'
    'PROMPT' => '$P$G'
    'PSModulePath' => 'C:\\WINDOWS\\system32\\WindowsPowerShell\\v1.0\\Modules\\'
    'PUBLIC' => 'C:\\Users\\Public'
    'SESSIONNAME' => 'Console'
    'SystemDrive' => 'C:'
    'SystemRoot' => 'C:\\WINDOWS'
    'TEMP' => 'C:\\Users\\Norbert\\AppData\\Local\\Temp'
    'TMP' => 'C:\\Users\\Norbert\\AppData\\Local\\Temp'
    'USERDOMAIN' => 'NORDZISKO'
    'USERDOMAIN_ROAMINGPROFILE' => 'NORDZISKO'
    'USERNAME' => 'Norbert'
    'USERPROFILE' => 'C:\\Users\\Norbert'
    'windir' => 'C:\\WINDOWS'
    'YII_PATH' => 'C:\\wamp64\\www\\secmon_backend\\'
    'PHP_SELF' => 'C:\\wamp64\\www\\secmon_backend\\yii'
    'SCRIPT_NAME' => 'C:\\wamp64\\www\\secmon_backend\\yii'
    'SCRIPT_FILENAME' => 'C:\\wamp64\\www\\secmon_backend\\yii'
    'PATH_TRANSLATED' => 'C:\\wamp64\\www\\secmon_backend\\yii'
    'DOCUMENT_ROOT' => ''
    'REQUEST_TIME_FLOAT' => 1478470148.431
    'REQUEST_TIME' => 1478470148
    'argv' => [
        0 => 'C:\\wamp64\\www\\secmon_backend\\yii'
        1 => 'migrate'
    ]
    'argc' => 2
]
2016-11-06 22:19:38 [::1][-][-][error][yii\db\Exception] PDOException: SQLSTATE[HY000] [1045] Access denied for user 'secmon'@'localhost' (using password: YES) in C:\wamp64\www\secmon_backend\vendor\yiisoft\yii2\db\Connection.php:602
Stack trace:
#0 C:\wamp64\www\secmon_backend\vendor\yiisoft\yii2\db\Connection.php(602): PDO->__construct('mysql:host=loca...', 'secmon', 'secmon', NULL)
#1 C:\wamp64\www\secmon_backend\vendor\yiisoft\yii2\db\Connection.php(544): yii\db\Connection->createPdoInstance()
#2 C:\wamp64\www\secmon_backend\vendor\yiisoft\yii2\db\Connection.php(863): yii\db\Connection->open()
#3 C:\wamp64\www\secmon_backend\vendor\yiisoft\yii2\db\Connection.php(850): yii\db\Connection->getMasterPdo()
#4 C:\wamp64\www\secmon_backend\vendor\yiisoft\yii2\db\Command.php(219): yii\db\Connection->getSlavePdo()
#5 C:\wamp64\www\secmon_backend\vendor\yiisoft\yii2\db\Command.php(894): yii\db\Command->prepare(true)
#6 C:\wamp64\www\secmon_backend\vendor\yiisoft\yii2\db\Command.php(362): yii\db\Command->queryInternal('fetchAll', NULL)
#7 C:\wamp64\www\secmon_backend\vendor\yiisoft\yii2\db\mysql\Schema.php(198): yii\db\Command->queryAll()
#8 C:\wamp64\www\secmon_backend\vendor\yiisoft\yii2\db\mysql\Schema.php(97): yii\db\mysql\Schema->findColumns(Object(yii\db\TableSchema))
#9 C:\wamp64\www\secmon_backend\vendor\yiisoft\yii2\db\Schema.php(147): yii\db\mysql\Schema->loadTableSchema('events')
#10 C:\wamp64\www\secmon_backend\vendor\yiisoft\yii2\db\ActiveRecord.php(296): yii\db\Schema->getTableSchema('events')
#11 C:\wamp64\www\secmon_backend\vendor\yiisoft\yii2\db\ActiveRecord.php(330): yii\db\ActiveRecord::getTableSchema()
#12 C:\wamp64\www\secmon_backend\vendor\yiisoft\yii2\db\BaseActiveRecord.php(461): yii\db\ActiveRecord->attributes()
#13 C:\wamp64\www\secmon_backend\vendor\yiisoft\yii2\db\BaseActiveRecord.php(280): yii\db\BaseActiveRecord->hasAttribute('id')
#14 C:\wamp64\www\secmon_backend\vendor\yiisoft\yii2\validators\Validator.php(262): yii\db\BaseActiveRecord->__get('id')
#15 C:\wamp64\www\secmon_backend\vendor\yiisoft\yii2\base\Model.php(356): yii\validators\Validator->validateAttributes(Object(app\models\Event\EventSearch), Array)
#16 C:\wamp64\www\secmon_backend\models\Event\EventSearch.php(54): yii\base\Model->validate()
#17 C:\wamp64\www\secmon_backend\controllers\EventController.php(39): app\models\Event\EventSearch->search(Array)
#18 [internal function]: app\controllers\EventController->actionIndex()
#19 C:\wamp64\www\secmon_backend\vendor\yiisoft\yii2\base\InlineAction.php(55): call_user_func_array(Array, Array)
#20 C:\wamp64\www\secmon_backend\vendor\yiisoft\yii2\base\Controller.php(154): yii\base\InlineAction->runWithParams(Array)
#21 C:\wamp64\www\secmon_backend\vendor\yiisoft\yii2\base\Module.php(454): yii\base\Controller->runAction('', Array)
#22 C:\wamp64\www\secmon_backend\vendor\yiisoft\yii2\web\Application.php(100): yii\base\Module->runAction('event', Array)
#23 C:\wamp64\www\secmon_backend\vendor\yiisoft\yii2\base\Application.php(375): yii\web\Application->handleRequest(Object(yii\web\Request))
#24 C:\wamp64\www\secmon_backend\web\index.php(12): yii\base\Application->run()
#25 {main}

Next yii\db\Exception: SQLSTATE[HY000] [1045] Access denied for user 'secmon'@'localhost' (using password: YES) in C:\wamp64\www\secmon_backend\vendor\yiisoft\yii2\db\Connection.php:549
Stack trace:
#0 C:\wamp64\www\secmon_backend\vendor\yiisoft\yii2\db\Connection.php(863): yii\db\Connection->open()
#1 C:\wamp64\www\secmon_backend\vendor\yiisoft\yii2\db\Connection.php(850): yii\db\Connection->getMasterPdo()
#2 C:\wamp64\www\secmon_backend\vendor\yiisoft\yii2\db\Command.php(219): yii\db\Connection->getSlavePdo()
#3 C:\wamp64\www\secmon_backend\vendor\yiisoft\yii2\db\Command.php(894): yii\db\Command->prepare(true)
#4 C:\wamp64\www\secmon_backend\vendor\yiisoft\yii2\db\Command.php(362): yii\db\Command->queryInternal('fetchAll', NULL)
#5 C:\wamp64\www\secmon_backend\vendor\yiisoft\yii2\db\mysql\Schema.php(198): yii\db\Command->queryAll()
#6 C:\wamp64\www\secmon_backend\vendor\yiisoft\yii2\db\mysql\Schema.php(97): yii\db\mysql\Schema->findColumns(Object(yii\db\TableSchema))
#7 C:\wamp64\www\secmon_backend\vendor\yiisoft\yii2\db\Schema.php(147): yii\db\mysql\Schema->loadTableSchema('events')
#8 C:\wamp64\www\secmon_backend\vendor\yiisoft\yii2\db\ActiveRecord.php(296): yii\db\Schema->getTableSchema('events')
#9 C:\wamp64\www\secmon_backend\vendor\yiisoft\yii2\db\ActiveRecord.php(330): yii\db\ActiveRecord::getTableSchema()
#10 C:\wamp64\www\secmon_backend\vendor\yiisoft\yii2\db\BaseActiveRecord.php(461): yii\db\ActiveRecord->attributes()
#11 C:\wamp64\www\secmon_backend\vendor\yiisoft\yii2\db\BaseActiveRecord.php(280): yii\db\BaseActiveRecord->hasAttribute('id')
#12 C:\wamp64\www\secmon_backend\vendor\yiisoft\yii2\validators\Validator.php(262): yii\db\BaseActiveRecord->__get('id')
#13 C:\wamp64\www\secmon_backend\vendor\yiisoft\yii2\base\Model.php(356): yii\validators\Validator->validateAttributes(Object(app\models\Event\EventSearch), Array)
#14 C:\wamp64\www\secmon_backend\models\Event\EventSearch.php(54): yii\base\Model->validate()
#15 C:\wamp64\www\secmon_backend\controllers\EventController.php(39): app\models\Event\EventSearch->search(Array)
#16 [internal function]: app\controllers\EventController->actionIndex()
#17 C:\wamp64\www\secmon_backend\vendor\yiisoft\yii2\base\InlineAction.php(55): call_user_func_array(Array, Array)
#18 C:\wamp64\www\secmon_backend\vendor\yiisoft\yii2\base\Controller.php(154): yii\base\InlineAction->runWithParams(Array)
#19 C:\wamp64\www\secmon_backend\vendor\yiisoft\yii2\base\Module.php(454): yii\base\Controller->runAction('', Array)
#20 C:\wamp64\www\secmon_backend\vendor\yiisoft\yii2\web\Application.php(100): yii\base\Module->runAction('event', Array)
#21 C:\wamp64\www\secmon_backend\vendor\yiisoft\yii2\base\Application.php(375): yii\web\Application->handleRequest(Object(yii\web\Request))
#22 C:\wamp64\www\secmon_backend\web\index.php(12): yii\base\Application->run()
#23 {main}
Additional Information:

2016-11-06 22:19:38 [::1][-][-][info][application] $_COOKIE = [
    '_csrf' => '069adad60714d62acc602ff3ef5bece0237eb6f5b3536ab85b7e6bab3ae23569a:2:{i:0;s:5:\"_csrf\";i:1;s:32:\"0jhEqrfX5taHMdsptlA9R7qjUkcZHxF5\";}'
]

$_SERVER = [
    'REDIRECT_STATUS' => '200'
    'HTTP_HOST' => 'localhost'
    'HTTP_CONNECTION' => 'keep-alive'
    'HTTP_UPGRADE_INSECURE_REQUESTS' => '1'
    'HTTP_USER_AGENT' => 'Mozilla/5.0 (Windows NT 10.0; Win64; x64) AppleWebKit/537.36 (KHTML, like Gecko) Chrome/54.0.2840.71 Safari/537.36'
    'HTTP_ACCEPT' => 'text/html,application/xhtml+xml,application/xml;q=0.9,image/webp,*/*;q=0.8'
    'HTTP_REFERER' => 'http://localhost/secmon_backend/web/'
    'HTTP_ACCEPT_ENCODING' => 'gzip, deflate, sdch, br'
    'HTTP_ACCEPT_LANGUAGE' => 'sk-SK,sk;q=0.8,cs;q=0.6,en-US;q=0.4,en;q=0.2'
    'HTTP_COOKIE' => '_csrf=069adad60714d62acc602ff3ef5bece0237eb6f5b3536ab85b7e6bab3ae23569a%3A2%3A%7Bi%3A0%3Bs%3A5%3A%22_csrf%22%3Bi%3A1%3Bs%3A32%3A%220jhEqrfX5taHMdsptlA9R7qjUkcZHxF5%22%3B%7D'
    'PATH' => 'C:\\WINDOWS\\system32;C:\\WINDOWS;C:\\WINDOWS\\System32\\Wbem;C:\\WINDOWS\\System32\\WindowsPowerShell\\v1.0\\;C:\\Program Files (x86)\\ATI Technologies\\ATI.ACE\\Core-Static;C:\\Program Files\\MiKTeX 2.9\\miktex\\bin\\x64\\;C:\\wamp64\\bin\\php\\php5.6.25;C:\\ProgramData\\ComposerSetup\\bin;C:\\Program Files\\Git\\cmd;C:\\WINDOWS\\system32\\config\\systemprofile\\AppData\\Local\\Microsoft\\WindowsApps'
    'SystemRoot' => 'C:\\WINDOWS'
    'COMSPEC' => 'C:\\WINDOWS\\system32\\cmd.exe'
    'PATHEXT' => '.COM;.EXE;.BAT;.CMD;.VBS;.VBE;.JS;.JSE;.WSF;.WSH;.MSC'
    'WINDIR' => 'C:\\WINDOWS'
    'SERVER_SIGNATURE' => '<address>Apache/2.4.23 (Win64) PHP/7.0.10 Server at localhost Port 80</address>
'
    'SERVER_SOFTWARE' => 'Apache/2.4.23 (Win64) PHP/7.0.10'
    'SERVER_NAME' => 'localhost'
    'SERVER_ADDR' => '::1'
    'SERVER_PORT' => '80'
    'REMOTE_ADDR' => '::1'
    'DOCUMENT_ROOT' => 'C:/wamp64/www'
    'REQUEST_SCHEME' => 'http'
    'CONTEXT_PREFIX' => ''
    'CONTEXT_DOCUMENT_ROOT' => 'C:/wamp64/www'
    'SERVER_ADMIN' => 'wampserver@wampserver.invalid'
    'SCRIPT_FILENAME' => 'C:/wamp64/www/secmon_backend/web/index.php'
    'REMOTE_PORT' => '55038'
    'REDIRECT_URL' => '/secmon_backend/web/event'
    'GATEWAY_INTERFACE' => 'CGI/1.1'
    'SERVER_PROTOCOL' => 'HTTP/1.1'
    'REQUEST_METHOD' => 'GET'
    'QUERY_STRING' => ''
    'REQUEST_URI' => '/secmon_backend/web/event'
    'SCRIPT_NAME' => '/secmon_backend/web/index.php'
    'PHP_SELF' => '/secmon_backend/web/index.php'
    'REQUEST_TIME_FLOAT' => 1478470778.437
    'REQUEST_TIME' => 1478470778
]
2016-11-06 22:20:06 [::1][-][-][error][yii\db\Exception] PDOException: SQLSTATE[HY000] [1045] Access denied for user 'secmon'@'localhost' (using password: YES) in C:\wamp64\www\secmon_backend\vendor\yiisoft\yii2\db\Connection.php:602
Stack trace:
#0 C:\wamp64\www\secmon_backend\vendor\yiisoft\yii2\db\Connection.php(602): PDO->__construct('mysql:host=loca...', 'secmon', 'secmon', NULL)
#1 C:\wamp64\www\secmon_backend\vendor\yiisoft\yii2\db\Connection.php(544): yii\db\Connection->createPdoInstance()
#2 C:\wamp64\www\secmon_backend\vendor\yiisoft\yii2\db\Connection.php(863): yii\db\Connection->open()
#3 C:\wamp64\www\secmon_backend\vendor\yiisoft\yii2\db\Connection.php(850): yii\db\Connection->getMasterPdo()
#4 C:\wamp64\www\secmon_backend\vendor\yiisoft\yii2\db\Command.php(219): yii\db\Connection->getSlavePdo()
#5 C:\wamp64\www\secmon_backend\vendor\yiisoft\yii2\db\Command.php(894): yii\db\Command->prepare(true)
#6 C:\wamp64\www\secmon_backend\vendor\yiisoft\yii2\db\Command.php(362): yii\db\Command->queryInternal('fetchAll', NULL)
#7 C:\wamp64\www\secmon_backend\vendor\yiisoft\yii2\db\mysql\Schema.php(198): yii\db\Command->queryAll()
#8 C:\wamp64\www\secmon_backend\vendor\yiisoft\yii2\db\mysql\Schema.php(97): yii\db\mysql\Schema->findColumns(Object(yii\db\TableSchema))
#9 C:\wamp64\www\secmon_backend\vendor\yiisoft\yii2\db\Schema.php(147): yii\db\mysql\Schema->loadTableSchema('events')
#10 C:\wamp64\www\secmon_backend\vendor\yiisoft\yii2\db\ActiveRecord.php(296): yii\db\Schema->getTableSchema('events')
#11 C:\wamp64\www\secmon_backend\vendor\yiisoft\yii2\db\ActiveRecord.php(330): yii\db\ActiveRecord::getTableSchema()
#12 C:\wamp64\www\secmon_backend\vendor\yiisoft\yii2\db\BaseActiveRecord.php(461): yii\db\ActiveRecord->attributes()
#13 C:\wamp64\www\secmon_backend\vendor\yiisoft\yii2\db\BaseActiveRecord.php(280): yii\db\BaseActiveRecord->hasAttribute('id')
#14 C:\wamp64\www\secmon_backend\vendor\yiisoft\yii2\validators\Validator.php(262): yii\db\BaseActiveRecord->__get('id')
#15 C:\wamp64\www\secmon_backend\vendor\yiisoft\yii2\base\Model.php(356): yii\validators\Validator->validateAttributes(Object(app\models\Event\EventSearch), Array)
#16 C:\wamp64\www\secmon_backend\models\Event\EventSearch.php(54): yii\base\Model->validate()
#17 C:\wamp64\www\secmon_backend\controllers\EventController.php(39): app\models\Event\EventSearch->search(Array)
#18 [internal function]: app\controllers\EventController->actionIndex()
#19 C:\wamp64\www\secmon_backend\vendor\yiisoft\yii2\base\InlineAction.php(55): call_user_func_array(Array, Array)
#20 C:\wamp64\www\secmon_backend\vendor\yiisoft\yii2\base\Controller.php(154): yii\base\InlineAction->runWithParams(Array)
#21 C:\wamp64\www\secmon_backend\vendor\yiisoft\yii2\base\Module.php(454): yii\base\Controller->runAction('', Array)
#22 C:\wamp64\www\secmon_backend\vendor\yiisoft\yii2\web\Application.php(100): yii\base\Module->runAction('event', Array)
#23 C:\wamp64\www\secmon_backend\vendor\yiisoft\yii2\base\Application.php(375): yii\web\Application->handleRequest(Object(yii\web\Request))
#24 C:\wamp64\www\secmon_backend\web\index.php(12): yii\base\Application->run()
#25 {main}

Next yii\db\Exception: SQLSTATE[HY000] [1045] Access denied for user 'secmon'@'localhost' (using password: YES) in C:\wamp64\www\secmon_backend\vendor\yiisoft\yii2\db\Connection.php:549
Stack trace:
#0 C:\wamp64\www\secmon_backend\vendor\yiisoft\yii2\db\Connection.php(863): yii\db\Connection->open()
#1 C:\wamp64\www\secmon_backend\vendor\yiisoft\yii2\db\Connection.php(850): yii\db\Connection->getMasterPdo()
#2 C:\wamp64\www\secmon_backend\vendor\yiisoft\yii2\db\Command.php(219): yii\db\Connection->getSlavePdo()
#3 C:\wamp64\www\secmon_backend\vendor\yiisoft\yii2\db\Command.php(894): yii\db\Command->prepare(true)
#4 C:\wamp64\www\secmon_backend\vendor\yiisoft\yii2\db\Command.php(362): yii\db\Command->queryInternal('fetchAll', NULL)
#5 C:\wamp64\www\secmon_backend\vendor\yiisoft\yii2\db\mysql\Schema.php(198): yii\db\Command->queryAll()
#6 C:\wamp64\www\secmon_backend\vendor\yiisoft\yii2\db\mysql\Schema.php(97): yii\db\mysql\Schema->findColumns(Object(yii\db\TableSchema))
#7 C:\wamp64\www\secmon_backend\vendor\yiisoft\yii2\db\Schema.php(147): yii\db\mysql\Schema->loadTableSchema('events')
#8 C:\wamp64\www\secmon_backend\vendor\yiisoft\yii2\db\ActiveRecord.php(296): yii\db\Schema->getTableSchema('events')
#9 C:\wamp64\www\secmon_backend\vendor\yiisoft\yii2\db\ActiveRecord.php(330): yii\db\ActiveRecord::getTableSchema()
#10 C:\wamp64\www\secmon_backend\vendor\yiisoft\yii2\db\BaseActiveRecord.php(461): yii\db\ActiveRecord->attributes()
#11 C:\wamp64\www\secmon_backend\vendor\yiisoft\yii2\db\BaseActiveRecord.php(280): yii\db\BaseActiveRecord->hasAttribute('id')
#12 C:\wamp64\www\secmon_backend\vendor\yiisoft\yii2\validators\Validator.php(262): yii\db\BaseActiveRecord->__get('id')
#13 C:\wamp64\www\secmon_backend\vendor\yiisoft\yii2\base\Model.php(356): yii\validators\Validator->validateAttributes(Object(app\models\Event\EventSearch), Array)
#14 C:\wamp64\www\secmon_backend\models\Event\EventSearch.php(54): yii\base\Model->validate()
#15 C:\wamp64\www\secmon_backend\controllers\EventController.php(39): app\models\Event\EventSearch->search(Array)
#16 [internal function]: app\controllers\EventController->actionIndex()
#17 C:\wamp64\www\secmon_backend\vendor\yiisoft\yii2\base\InlineAction.php(55): call_user_func_array(Array, Array)
#18 C:\wamp64\www\secmon_backend\vendor\yiisoft\yii2\base\Controller.php(154): yii\base\InlineAction->runWithParams(Array)
#19 C:\wamp64\www\secmon_backend\vendor\yiisoft\yii2\base\Module.php(454): yii\base\Controller->runAction('', Array)
#20 C:\wamp64\www\secmon_backend\vendor\yiisoft\yii2\web\Application.php(100): yii\base\Module->runAction('event', Array)
#21 C:\wamp64\www\secmon_backend\vendor\yiisoft\yii2\base\Application.php(375): yii\web\Application->handleRequest(Object(yii\web\Request))
#22 C:\wamp64\www\secmon_backend\web\index.php(12): yii\base\Application->run()
#23 {main}
Additional Information:

2016-11-06 22:20:06 [::1][-][-][info][application] $_COOKIE = [
    '_csrf' => '069adad60714d62acc602ff3ef5bece0237eb6f5b3536ab85b7e6bab3ae23569a:2:{i:0;s:5:\"_csrf\";i:1;s:32:\"0jhEqrfX5taHMdsptlA9R7qjUkcZHxF5\";}'
]

$_SERVER = [
    'REDIRECT_STATUS' => '200'
    'HTTP_HOST' => 'localhost'
    'HTTP_CONNECTION' => 'keep-alive'
    'HTTP_CACHE_CONTROL' => 'max-age=0'
    'HTTP_UPGRADE_INSECURE_REQUESTS' => '1'
    'HTTP_USER_AGENT' => 'Mozilla/5.0 (Windows NT 10.0; Win64; x64) AppleWebKit/537.36 (KHTML, like Gecko) Chrome/54.0.2840.71 Safari/537.36'
    'HTTP_ACCEPT' => 'text/html,application/xhtml+xml,application/xml;q=0.9,image/webp,*/*;q=0.8'
    'HTTP_ACCEPT_ENCODING' => 'gzip, deflate, sdch, br'
    'HTTP_ACCEPT_LANGUAGE' => 'sk-SK,sk;q=0.8,cs;q=0.6,en-US;q=0.4,en;q=0.2'
    'HTTP_COOKIE' => '_csrf=069adad60714d62acc602ff3ef5bece0237eb6f5b3536ab85b7e6bab3ae23569a%3A2%3A%7Bi%3A0%3Bs%3A5%3A%22_csrf%22%3Bi%3A1%3Bs%3A32%3A%220jhEqrfX5taHMdsptlA9R7qjUkcZHxF5%22%3B%7D'
    'PATH' => 'C:\\WINDOWS\\system32;C:\\WINDOWS;C:\\WINDOWS\\System32\\Wbem;C:\\WINDOWS\\System32\\WindowsPowerShell\\v1.0\\;C:\\Program Files (x86)\\ATI Technologies\\ATI.ACE\\Core-Static;C:\\Program Files\\MiKTeX 2.9\\miktex\\bin\\x64\\;C:\\wamp64\\bin\\php\\php5.6.25;C:\\ProgramData\\ComposerSetup\\bin;C:\\Program Files\\Git\\cmd;C:\\WINDOWS\\system32\\config\\systemprofile\\AppData\\Local\\Microsoft\\WindowsApps'
    'SystemRoot' => 'C:\\WINDOWS'
    'COMSPEC' => 'C:\\WINDOWS\\system32\\cmd.exe'
    'PATHEXT' => '.COM;.EXE;.BAT;.CMD;.VBS;.VBE;.JS;.JSE;.WSF;.WSH;.MSC'
    'WINDIR' => 'C:\\WINDOWS'
    'SERVER_SIGNATURE' => '<address>Apache/2.4.23 (Win64) PHP/7.0.10 Server at localhost Port 80</address>
'
    'SERVER_SOFTWARE' => 'Apache/2.4.23 (Win64) PHP/7.0.10'
    'SERVER_NAME' => 'localhost'
    'SERVER_ADDR' => '::1'
    'SERVER_PORT' => '80'
    'REMOTE_ADDR' => '::1'
    'DOCUMENT_ROOT' => 'C:/wamp64/www'
    'REQUEST_SCHEME' => 'http'
    'CONTEXT_PREFIX' => ''
    'CONTEXT_DOCUMENT_ROOT' => 'C:/wamp64/www'
    'SERVER_ADMIN' => 'wampserver@wampserver.invalid'
    'SCRIPT_FILENAME' => 'C:/wamp64/www/secmon_backend/web/index.php'
    'REMOTE_PORT' => '55044'
    'REDIRECT_URL' => '/secmon_backend/web/event'
    'GATEWAY_INTERFACE' => 'CGI/1.1'
    'SERVER_PROTOCOL' => 'HTTP/1.1'
    'REQUEST_METHOD' => 'GET'
    'QUERY_STRING' => ''
    'REQUEST_URI' => '/secmon_backend/web/event'
    'SCRIPT_NAME' => '/secmon_backend/web/index.php'
    'PHP_SELF' => '/secmon_backend/web/index.php'
    'REQUEST_TIME_FLOAT' => 1478470805.983
    'REQUEST_TIME' => 1478470805
]
2016-11-07 19:32:51 [-][-][-][error][yii\base\ErrorException:4] exception 'yii\base\ErrorException' with message 'syntax error, unexpected '?'' in C:\wamp64\www\secmon_backend\models\User.php:236
Stack trace:
#0 [internal function]: yii\base\ErrorHandler->handleFatalError()
#1 {main}
2016-11-07 19:32:46 [-][-][-][info][application] $_SERVER = [
    'ALLUSERSPROFILE' => 'C:\\ProgramData'
    'APPDATA' => 'C:\\Users\\Norbert\\AppData\\Roaming'
    'CommonProgramFiles' => 'C:\\Program Files\\Common Files'
    'CommonProgramFiles(x86)' => 'C:\\Program Files (x86)\\Common Files'
    'CommonProgramW6432' => 'C:\\Program Files\\Common Files'
    'COMPUTERNAME' => 'NORDZISKO'
    'ComSpec' => 'C:\\WINDOWS\\system32\\cmd.exe'
    'FPS_BROWSER_APP_PROFILE_STRING' => 'Internet Explorer'
    'FPS_BROWSER_USER_PROFILE_STRING' => 'Default'
    'FP_NO_HOST_CHECK' => 'NO'
    'HOMEDRIVE' => 'C:'
    'HOMEPATH' => '\\Users\\Norbert'
    'LOCALAPPDATA' => 'C:\\Users\\Norbert\\AppData\\Local'
    'LOGONSERVER' => '\\\\NORDZISKO'
    'NUMBER_OF_PROCESSORS' => '4'
    'OS' => 'Windows_NT'
    'Path' => 'C:\\WINDOWS\\system32;C:\\WINDOWS;C:\\WINDOWS\\System32\\Wbem;C:\\WINDOWS\\System32\\WindowsPowerShell\\v1.0\\;C:\\Program Files (x86)\\ATI Technologies\\ATI.ACE\\Core-Static;C:\\Program Files\\MiKTeX 2.9\\miktex\\bin\\x64\\;C:\\wamp64\\bin\\php\\php5.6.25;C:\\ProgramData\\ComposerSetup\\bin;C:\\Program Files\\Git\\cmd;C:\\Users\\Norbert\\AppData\\Local\\Microsoft\\WindowsApps;C:\\Users\\Norbert\\AppData\\Roaming\\Composer\\vendor\\bin;C:\\wamp64\\bin\\php\\php7.0.10'
    'PATHEXT' => '.COM;.EXE;.BAT;.CMD;.VBS;.VBE;.JS;.JSE;.WSF;.WSH;.MSC'
    'PHP_COMMAND' => 'php.exe'
    'PROCESSOR_ARCHITECTURE' => 'AMD64'
    'PROCESSOR_IDENTIFIER' => 'Intel64 Family 6 Model 58 Stepping 9, GenuineIntel'
    'PROCESSOR_LEVEL' => '6'
    'PROCESSOR_REVISION' => '3a09'
    'ProgramData' => 'C:\\ProgramData'
    'ProgramFiles' => 'C:\\Program Files'
    'ProgramFiles(x86)' => 'C:\\Program Files (x86)'
    'ProgramW6432' => 'C:\\Program Files'
    'PROMPT' => '$P$G'
    'PSModulePath' => 'C:\\WINDOWS\\system32\\WindowsPowerShell\\v1.0\\Modules\\'
    'PUBLIC' => 'C:\\Users\\Public'
    'SESSIONNAME' => 'Console'
    'SystemDrive' => 'C:'
    'SystemRoot' => 'C:\\WINDOWS'
    'TEMP' => 'C:\\Users\\Norbert\\AppData\\Local\\Temp'
    'TMP' => 'C:\\Users\\Norbert\\AppData\\Local\\Temp'
    'USERDOMAIN' => 'NORDZISKO'
    'USERDOMAIN_ROAMINGPROFILE' => 'NORDZISKO'
    'USERNAME' => 'Norbert'
    'USERPROFILE' => 'C:\\Users\\Norbert'
    'windir' => 'C:\\WINDOWS'
    'YII_PATH' => 'C:\\wamp64\\www\\secmon_backend\\'
    'PHP_SELF' => 'C:\\wamp64\\www\\secmon_backend\\yii'
    'SCRIPT_NAME' => 'C:\\wamp64\\www\\secmon_backend\\yii'
    'SCRIPT_FILENAME' => 'C:\\wamp64\\www\\secmon_backend\\yii'
    'PATH_TRANSLATED' => 'C:\\wamp64\\www\\secmon_backend\\yii'
    'DOCUMENT_ROOT' => ''
    'REQUEST_TIME_FLOAT' => 1478547166.5057
    'REQUEST_TIME' => 1478547166
    'argv' => [
        0 => 'C:\\wamp64\\www\\secmon_backend\\yii'
        1 => 'fixture/load'
        2 => '*'
    ]
    'argc' => 3
]
2016-11-07 19:51:20 [-][-][-][error][yii\base\ErrorException:4] exception 'yii\base\ErrorException' with message 'syntax error, unexpected '?'' in C:\wamp64\www\secmon_backend\models\User.php:236
Stack trace:
#0 [internal function]: yii\base\ErrorHandler->handleFatalError()
#1 {main}
2016-11-07 19:51:17 [-][-][-][info][application] $_SERVER = [
    'ALLUSERSPROFILE' => 'C:\\ProgramData'
    'APPDATA' => 'C:\\Users\\Norbert\\AppData\\Roaming'
    'CommonProgramFiles' => 'C:\\Program Files\\Common Files'
    'CommonProgramFiles(x86)' => 'C:\\Program Files (x86)\\Common Files'
    'CommonProgramW6432' => 'C:\\Program Files\\Common Files'
    'COMPUTERNAME' => 'NORDZISKO'
    'ComSpec' => 'C:\\WINDOWS\\system32\\cmd.exe'
    'FPS_BROWSER_APP_PROFILE_STRING' => 'Internet Explorer'
    'FPS_BROWSER_USER_PROFILE_STRING' => 'Default'
    'FP_NO_HOST_CHECK' => 'NO'
    'HOMEDRIVE' => 'C:'
    'HOMEPATH' => '\\Users\\Norbert'
    'LOCALAPPDATA' => 'C:\\Users\\Norbert\\AppData\\Local'
    'LOGONSERVER' => '\\\\NORDZISKO'
    'NUMBER_OF_PROCESSORS' => '4'
    'OS' => 'Windows_NT'
    'Path' => 'C:\\WINDOWS\\system32;C:\\WINDOWS;C:\\WINDOWS\\System32\\Wbem;C:\\WINDOWS\\System32\\WindowsPowerShell\\v1.0\\;C:\\Program Files (x86)\\ATI Technologies\\ATI.ACE\\Core-Static;C:\\Program Files\\MiKTeX 2.9\\miktex\\bin\\x64\\;C:\\wamp64\\bin\\php\\php5.6.25;C:\\ProgramData\\ComposerSetup\\bin;C:\\Program Files\\Git\\cmd;C:\\Users\\Norbert\\AppData\\Local\\Microsoft\\WindowsApps;C:\\Users\\Norbert\\AppData\\Roaming\\Composer\\vendor\\bin;C:\\wamp64\\bin\\php\\php7.0.10'
    'PATHEXT' => '.COM;.EXE;.BAT;.CMD;.VBS;.VBE;.JS;.JSE;.WSF;.WSH;.MSC'
    'PHP_COMMAND' => 'php.exe'
    'PROCESSOR_ARCHITECTURE' => 'AMD64'
    'PROCESSOR_IDENTIFIER' => 'Intel64 Family 6 Model 58 Stepping 9, GenuineIntel'
    'PROCESSOR_LEVEL' => '6'
    'PROCESSOR_REVISION' => '3a09'
    'ProgramData' => 'C:\\ProgramData'
    'ProgramFiles' => 'C:\\Program Files'
    'ProgramFiles(x86)' => 'C:\\Program Files (x86)'
    'ProgramW6432' => 'C:\\Program Files'
    'PROMPT' => '$P$G'
    'PSModulePath' => 'C:\\WINDOWS\\system32\\WindowsPowerShell\\v1.0\\Modules\\'
    'PUBLIC' => 'C:\\Users\\Public'
    'SESSIONNAME' => 'Console'
    'SystemDrive' => 'C:'
    'SystemRoot' => 'C:\\WINDOWS'
    'TEMP' => 'C:\\Users\\Norbert\\AppData\\Local\\Temp'
    'TMP' => 'C:\\Users\\Norbert\\AppData\\Local\\Temp'
    'USERDOMAIN' => 'NORDZISKO'
    'USERDOMAIN_ROAMINGPROFILE' => 'NORDZISKO'
    'USERNAME' => 'Norbert'
    'USERPROFILE' => 'C:\\Users\\Norbert'
    'windir' => 'C:\\WINDOWS'
    'YII_PATH' => 'C:\\wamp64\\www\\secmon_backend\\'
    'PHP_SELF' => 'C:\\wamp64\\www\\secmon_backend\\yii'
    'SCRIPT_NAME' => 'C:\\wamp64\\www\\secmon_backend\\yii'
    'SCRIPT_FILENAME' => 'C:\\wamp64\\www\\secmon_backend\\yii'
    'PATH_TRANSLATED' => 'C:\\wamp64\\www\\secmon_backend\\yii'
    'DOCUMENT_ROOT' => ''
    'REQUEST_TIME_FLOAT' => 1478548277.6517
    'REQUEST_TIME' => 1478548277
    'argv' => [
        0 => 'C:\\wamp64\\www\\secmon_backend\\yii'
        1 => 'fixture/load'
        2 => '*'
    ]
    'argc' => 3
]
2016-11-07 19:58:41 [-][-][-][error][yii\base\ErrorException:4] exception 'yii\base\ErrorException' with message 'syntax error, unexpected '?'' in C:\wamp64\www\secmon_backend\models\User.php:236
Stack trace:
#0 [internal function]: yii\base\ErrorHandler->handleFatalError()
#1 {main}
2016-11-07 19:58:37 [-][-][-][info][application] $_SERVER = [
    'ALLUSERSPROFILE' => 'C:\\ProgramData'
    'APPDATA' => 'C:\\Users\\Norbert\\AppData\\Roaming'
    'CommonProgramFiles' => 'C:\\Program Files\\Common Files'
    'CommonProgramFiles(x86)' => 'C:\\Program Files (x86)\\Common Files'
    'CommonProgramW6432' => 'C:\\Program Files\\Common Files'
    'COMPUTERNAME' => 'NORDZISKO'
    'ComSpec' => 'C:\\WINDOWS\\system32\\cmd.exe'
    'FPS_BROWSER_APP_PROFILE_STRING' => 'Internet Explorer'
    'FPS_BROWSER_USER_PROFILE_STRING' => 'Default'
    'FP_NO_HOST_CHECK' => 'NO'
    'HOMEDRIVE' => 'C:'
    'HOMEPATH' => '\\Users\\Norbert'
    'LOCALAPPDATA' => 'C:\\Users\\Norbert\\AppData\\Local'
    'LOGONSERVER' => '\\\\NORDZISKO'
    'NUMBER_OF_PROCESSORS' => '4'
    'OS' => 'Windows_NT'
    'Path' => 'C:\\WINDOWS\\system32;C:\\WINDOWS;C:\\WINDOWS\\System32\\Wbem;C:\\WINDOWS\\System32\\WindowsPowerShell\\v1.0\\;C:\\Program Files (x86)\\ATI Technologies\\ATI.ACE\\Core-Static;C:\\Program Files\\MiKTeX 2.9\\miktex\\bin\\x64\\;C:\\wamp64\\bin\\php\\php5.6.25;C:\\ProgramData\\ComposerSetup\\bin;C:\\Program Files\\Git\\cmd;C:\\Users\\Norbert\\AppData\\Local\\Microsoft\\WindowsApps;C:\\Users\\Norbert\\AppData\\Roaming\\Composer\\vendor\\bin;C:\\wamp64\\bin\\php\\php7.0.10'
    'PATHEXT' => '.COM;.EXE;.BAT;.CMD;.VBS;.VBE;.JS;.JSE;.WSF;.WSH;.MSC'
    'PHP_COMMAND' => 'php.exe'
    'PROCESSOR_ARCHITECTURE' => 'AMD64'
    'PROCESSOR_IDENTIFIER' => 'Intel64 Family 6 Model 58 Stepping 9, GenuineIntel'
    'PROCESSOR_LEVEL' => '6'
    'PROCESSOR_REVISION' => '3a09'
    'ProgramData' => 'C:\\ProgramData'
    'ProgramFiles' => 'C:\\Program Files'
    'ProgramFiles(x86)' => 'C:\\Program Files (x86)'
    'ProgramW6432' => 'C:\\Program Files'
    'PROMPT' => '$P$G'
    'PSModulePath' => 'C:\\WINDOWS\\system32\\WindowsPowerShell\\v1.0\\Modules\\'
    'PUBLIC' => 'C:\\Users\\Public'
    'SESSIONNAME' => 'Console'
    'SystemDrive' => 'C:'
    'SystemRoot' => 'C:\\WINDOWS'
    'TEMP' => 'C:\\Users\\Norbert\\AppData\\Local\\Temp'
    'TMP' => 'C:\\Users\\Norbert\\AppData\\Local\\Temp'
    'USERDOMAIN' => 'NORDZISKO'
    'USERDOMAIN_ROAMINGPROFILE' => 'NORDZISKO'
    'USERNAME' => 'Norbert'
    'USERPROFILE' => 'C:\\Users\\Norbert'
    'windir' => 'C:\\WINDOWS'
    'YII_PATH' => 'C:\\wamp64\\www\\secmon_backend\\'
    'PHP_SELF' => 'C:\\wamp64\\www\\secmon_backend\\yii'
    'SCRIPT_NAME' => 'C:\\wamp64\\www\\secmon_backend\\yii'
    'SCRIPT_FILENAME' => 'C:\\wamp64\\www\\secmon_backend\\yii'
    'PATH_TRANSLATED' => 'C:\\wamp64\\www\\secmon_backend\\yii'
    'DOCUMENT_ROOT' => ''
    'REQUEST_TIME_FLOAT' => 1478548717.9643
    'REQUEST_TIME' => 1478548717
    'argv' => [
        0 => 'C:\\wamp64\\www\\secmon_backend\\yii'
        1 => 'fixture/load'
        2 => '*'
    ]
    'argc' => 3
]
2016-11-07 20:00:23 [-][-][-][error][yii\base\ErrorException:4] exception 'yii\base\ErrorException' with message 'syntax error, unexpected '?'' in C:\wamp64\www\secmon_backend\models\User.php:236
Stack trace:
#0 [internal function]: yii\base\ErrorHandler->handleFatalError()
#1 {main}
2016-11-07 20:00:19 [-][-][-][info][application] $_SERVER = [
    'ALLUSERSPROFILE' => 'C:\\ProgramData'
    'APPDATA' => 'C:\\Users\\Norbert\\AppData\\Roaming'
    'CommonProgramFiles' => 'C:\\Program Files\\Common Files'
    'CommonProgramFiles(x86)' => 'C:\\Program Files (x86)\\Common Files'
    'CommonProgramW6432' => 'C:\\Program Files\\Common Files'
    'COMPUTERNAME' => 'NORDZISKO'
    'ComSpec' => 'C:\\WINDOWS\\system32\\cmd.exe'
    'FPS_BROWSER_APP_PROFILE_STRING' => 'Internet Explorer'
    'FPS_BROWSER_USER_PROFILE_STRING' => 'Default'
    'FP_NO_HOST_CHECK' => 'NO'
    'HOMEDRIVE' => 'C:'
    'HOMEPATH' => '\\Users\\Norbert'
    'LOCALAPPDATA' => 'C:\\Users\\Norbert\\AppData\\Local'
    'LOGONSERVER' => '\\\\NORDZISKO'
    'NUMBER_OF_PROCESSORS' => '4'
    'OS' => 'Windows_NT'
    'Path' => 'C:\\WINDOWS\\system32;C:\\WINDOWS;C:\\WINDOWS\\System32\\Wbem;C:\\WINDOWS\\System32\\WindowsPowerShell\\v1.0\\;C:\\Program Files (x86)\\ATI Technologies\\ATI.ACE\\Core-Static;C:\\Program Files\\MiKTeX 2.9\\miktex\\bin\\x64\\;C:\\wamp64\\bin\\php\\php5.6.25;C:\\ProgramData\\ComposerSetup\\bin;C:\\Program Files\\Git\\cmd;C:\\Users\\Norbert\\AppData\\Local\\Microsoft\\WindowsApps;C:\\Users\\Norbert\\AppData\\Roaming\\Composer\\vendor\\bin;C:\\wamp64\\bin\\php\\php7.0.10'
    'PATHEXT' => '.COM;.EXE;.BAT;.CMD;.VBS;.VBE;.JS;.JSE;.WSF;.WSH;.MSC'
    'PHP_COMMAND' => 'php.exe'
    'PROCESSOR_ARCHITECTURE' => 'AMD64'
    'PROCESSOR_IDENTIFIER' => 'Intel64 Family 6 Model 58 Stepping 9, GenuineIntel'
    'PROCESSOR_LEVEL' => '6'
    'PROCESSOR_REVISION' => '3a09'
    'ProgramData' => 'C:\\ProgramData'
    'ProgramFiles' => 'C:\\Program Files'
    'ProgramFiles(x86)' => 'C:\\Program Files (x86)'
    'ProgramW6432' => 'C:\\Program Files'
    'PROMPT' => '$P$G'
    'PSModulePath' => 'C:\\WINDOWS\\system32\\WindowsPowerShell\\v1.0\\Modules\\'
    'PUBLIC' => 'C:\\Users\\Public'
    'SESSIONNAME' => 'Console'
    'SystemDrive' => 'C:'
    'SystemRoot' => 'C:\\WINDOWS'
    'TEMP' => 'C:\\Users\\Norbert\\AppData\\Local\\Temp'
    'TMP' => 'C:\\Users\\Norbert\\AppData\\Local\\Temp'
    'USERDOMAIN' => 'NORDZISKO'
    'USERDOMAIN_ROAMINGPROFILE' => 'NORDZISKO'
    'USERNAME' => 'Norbert'
    'USERPROFILE' => 'C:\\Users\\Norbert'
    'windir' => 'C:\\WINDOWS'
    'YII_PATH' => 'C:\\wamp64\\www\\secmon_backend\\'
    'PHP_SELF' => 'C:\\wamp64\\www\\secmon_backend\\yii'
    'SCRIPT_NAME' => 'C:\\wamp64\\www\\secmon_backend\\yii'
    'SCRIPT_FILENAME' => 'C:\\wamp64\\www\\secmon_backend\\yii'
    'PATH_TRANSLATED' => 'C:\\wamp64\\www\\secmon_backend\\yii'
    'DOCUMENT_ROOT' => ''
    'REQUEST_TIME_FLOAT' => 1478548819.9166
    'REQUEST_TIME' => 1478548819
    'argv' => [
        0 => 'C:\\wamp64\\www\\secmon_backend\\yii'
        1 => 'fixture/load'
        2 => '*'
    ]
    'argc' => 3
]
2016-11-07 20:07:26 [-][-][-][error][yii\base\ErrorException:4] exception 'yii\base\ErrorException' with message 'syntax error, unexpected '?'' in C:\wamp64\www\secmon_backend\models\User.php:236
Stack trace:
#0 [internal function]: yii\base\ErrorHandler->handleFatalError()
#1 {main}
2016-11-07 20:07:23 [-][-][-][info][application] $_SERVER = [
    'ALLUSERSPROFILE' => 'C:\\ProgramData'
    'APPDATA' => 'C:\\Users\\Norbert\\AppData\\Roaming'
    'CommonProgramFiles' => 'C:\\Program Files\\Common Files'
    'CommonProgramFiles(x86)' => 'C:\\Program Files (x86)\\Common Files'
    'CommonProgramW6432' => 'C:\\Program Files\\Common Files'
    'COMPUTERNAME' => 'NORDZISKO'
    'ComSpec' => 'C:\\WINDOWS\\system32\\cmd.exe'
    'FPS_BROWSER_APP_PROFILE_STRING' => 'Internet Explorer'
    'FPS_BROWSER_USER_PROFILE_STRING' => 'Default'
    'FP_NO_HOST_CHECK' => 'NO'
    'HOMEDRIVE' => 'C:'
    'HOMEPATH' => '\\Users\\Norbert'
    'LOCALAPPDATA' => 'C:\\Users\\Norbert\\AppData\\Local'
    'LOGONSERVER' => '\\\\NORDZISKO'
    'NUMBER_OF_PROCESSORS' => '4'
    'OS' => 'Windows_NT'
    'Path' => 'C:\\WINDOWS\\system32;C:\\WINDOWS;C:\\WINDOWS\\System32\\Wbem;C:\\WINDOWS\\System32\\WindowsPowerShell\\v1.0\\;C:\\Program Files (x86)\\ATI Technologies\\ATI.ACE\\Core-Static;C:\\Program Files\\MiKTeX 2.9\\miktex\\bin\\x64\\;C:\\wamp64\\bin\\php\\php5.6.25;C:\\ProgramData\\ComposerSetup\\bin;C:\\Program Files\\Git\\cmd;C:\\Users\\Norbert\\AppData\\Local\\Microsoft\\WindowsApps;C:\\Users\\Norbert\\AppData\\Roaming\\Composer\\vendor\\bin;C:\\wamp64\\bin\\php\\php7.0.10'
    'PATHEXT' => '.COM;.EXE;.BAT;.CMD;.VBS;.VBE;.JS;.JSE;.WSF;.WSH;.MSC'
    'PHP_COMMAND' => 'php.exe'
    'PROCESSOR_ARCHITECTURE' => 'AMD64'
    'PROCESSOR_IDENTIFIER' => 'Intel64 Family 6 Model 58 Stepping 9, GenuineIntel'
    'PROCESSOR_LEVEL' => '6'
    'PROCESSOR_REVISION' => '3a09'
    'ProgramData' => 'C:\\ProgramData'
    'ProgramFiles' => 'C:\\Program Files'
    'ProgramFiles(x86)' => 'C:\\Program Files (x86)'
    'ProgramW6432' => 'C:\\Program Files'
    'PROMPT' => '$P$G'
    'PSModulePath' => 'C:\\WINDOWS\\system32\\WindowsPowerShell\\v1.0\\Modules\\'
    'PUBLIC' => 'C:\\Users\\Public'
    'SESSIONNAME' => 'Console'
    'SystemDrive' => 'C:'
    'SystemRoot' => 'C:\\WINDOWS'
    'TEMP' => 'C:\\Users\\Norbert\\AppData\\Local\\Temp'
    'TMP' => 'C:\\Users\\Norbert\\AppData\\Local\\Temp'
    'USERDOMAIN' => 'NORDZISKO'
    'USERDOMAIN_ROAMINGPROFILE' => 'NORDZISKO'
    'USERNAME' => 'Norbert'
    'USERPROFILE' => 'C:\\Users\\Norbert'
    'windir' => 'C:\\WINDOWS'
    'YII_PATH' => 'C:\\wamp64\\www\\secmon_backend\\'
    'PHP_SELF' => 'C:\\wamp64\\www\\secmon_backend\\yii'
    'SCRIPT_NAME' => 'C:\\wamp64\\www\\secmon_backend\\yii'
    'SCRIPT_FILENAME' => 'C:\\wamp64\\www\\secmon_backend\\yii'
    'PATH_TRANSLATED' => 'C:\\wamp64\\www\\secmon_backend\\yii'
    'DOCUMENT_ROOT' => ''
    'REQUEST_TIME_FLOAT' => 1478549243.1832
    'REQUEST_TIME' => 1478549243
    'argv' => [
        0 => 'C:\\wamp64\\www\\secmon_backend\\yii'
        1 => 'fixture/load'
        2 => '*'
    ]
    'argc' => 3
]
2016-11-07 20:08:22 [-][-][-][error][yii\console\Exception] exception 'yii\base\InvalidRouteException' with message 'Unable to resolve the request "fixtures/load".' in C:\wamp64\www\secmon_backend\vendor\yiisoft\yii2\base\Module.php:462
Stack trace:
#0 C:\wamp64\www\secmon_backend\vendor\yiisoft\yii2\console\Application.php(180): yii\base\Module->runAction('fixtures/load', Array)
#1 C:\wamp64\www\secmon_backend\vendor\yiisoft\yii2\console\Application.php(147): yii\console\Application->runAction('fixtures/load', Array)
#2 C:\wamp64\www\secmon_backend\vendor\yiisoft\yii2\base\Application.php(375): yii\console\Application->handleRequest(Object(yii\console\Request))
#3 C:\wamp64\www\secmon_backend\yii(20): yii\base\Application->run()
#4 {main}

Next exception 'yii\console\Exception' with message 'Unknown command "fixtures/load".' in C:\wamp64\www\secmon_backend\vendor\yiisoft\yii2\console\Application.php:183
Stack trace:
#0 C:\wamp64\www\secmon_backend\vendor\yiisoft\yii2\console\Application.php(147): yii\console\Application->runAction('fixtures/load', Array)
#1 C:\wamp64\www\secmon_backend\vendor\yiisoft\yii2\base\Application.php(375): yii\console\Application->handleRequest(Object(yii\console\Request))
#2 C:\wamp64\www\secmon_backend\yii(20): yii\base\Application->run()
#3 {main}
2016-11-07 20:08:22 [-][-][-][info][application] $_SERVER = [
    'ALLUSERSPROFILE' => 'C:\\ProgramData'
    'APPDATA' => 'C:\\Users\\Norbert\\AppData\\Roaming'
    'CommonProgramFiles' => 'C:\\Program Files\\Common Files'
    'CommonProgramFiles(x86)' => 'C:\\Program Files (x86)\\Common Files'
    'CommonProgramW6432' => 'C:\\Program Files\\Common Files'
    'COMPUTERNAME' => 'NORDZISKO'
    'ComSpec' => 'C:\\WINDOWS\\system32\\cmd.exe'
    'FPS_BROWSER_APP_PROFILE_STRING' => 'Internet Explorer'
    'FPS_BROWSER_USER_PROFILE_STRING' => 'Default'
    'FP_NO_HOST_CHECK' => 'NO'
    'HOMEDRIVE' => 'C:'
    'HOMEPATH' => '\\Users\\Norbert'
    'LOCALAPPDATA' => 'C:\\Users\\Norbert\\AppData\\Local'
    'LOGONSERVER' => '\\\\NORDZISKO'
    'NUMBER_OF_PROCESSORS' => '4'
    'OS' => 'Windows_NT'
    'Path' => 'C:\\WINDOWS\\system32;C:\\WINDOWS;C:\\WINDOWS\\System32\\Wbem;C:\\WINDOWS\\System32\\WindowsPowerShell\\v1.0\\;C:\\Program Files (x86)\\ATI Technologies\\ATI.ACE\\Core-Static;C:\\Program Files\\MiKTeX 2.9\\miktex\\bin\\x64\\;C:\\wamp64\\bin\\php\\php5.6.25;C:\\ProgramData\\ComposerSetup\\bin;C:\\Program Files\\Git\\cmd;C:\\Users\\Norbert\\AppData\\Local\\Microsoft\\WindowsApps;C:\\Users\\Norbert\\AppData\\Roaming\\Composer\\vendor\\bin;C:\\wamp64\\bin\\php\\php7.0.10'
    'PATHEXT' => '.COM;.EXE;.BAT;.CMD;.VBS;.VBE;.JS;.JSE;.WSF;.WSH;.MSC'
    'PHP_COMMAND' => 'php.exe'
    'PROCESSOR_ARCHITECTURE' => 'AMD64'
    'PROCESSOR_IDENTIFIER' => 'Intel64 Family 6 Model 58 Stepping 9, GenuineIntel'
    'PROCESSOR_LEVEL' => '6'
    'PROCESSOR_REVISION' => '3a09'
    'ProgramData' => 'C:\\ProgramData'
    'ProgramFiles' => 'C:\\Program Files'
    'ProgramFiles(x86)' => 'C:\\Program Files (x86)'
    'ProgramW6432' => 'C:\\Program Files'
    'PROMPT' => '$P$G'
    'PSModulePath' => 'C:\\WINDOWS\\system32\\WindowsPowerShell\\v1.0\\Modules\\'
    'PUBLIC' => 'C:\\Users\\Public'
    'SESSIONNAME' => 'Console'
    'SystemDrive' => 'C:'
    'SystemRoot' => 'C:\\WINDOWS'
    'TEMP' => 'C:\\Users\\Norbert\\AppData\\Local\\Temp'
    'TMP' => 'C:\\Users\\Norbert\\AppData\\Local\\Temp'
    'USERDOMAIN' => 'NORDZISKO'
    'USERDOMAIN_ROAMINGPROFILE' => 'NORDZISKO'
    'USERNAME' => 'Norbert'
    'USERPROFILE' => 'C:\\Users\\Norbert'
    'windir' => 'C:\\WINDOWS'
    'YII_PATH' => 'C:\\wamp64\\www\\secmon_backend\\'
    'PHP_SELF' => 'C:\\wamp64\\www\\secmon_backend\\yii'
    'SCRIPT_NAME' => 'C:\\wamp64\\www\\secmon_backend\\yii'
    'SCRIPT_FILENAME' => 'C:\\wamp64\\www\\secmon_backend\\yii'
    'PATH_TRANSLATED' => 'C:\\wamp64\\www\\secmon_backend\\yii'
    'DOCUMENT_ROOT' => ''
    'REQUEST_TIME_FLOAT' => 1478549302.1065
    'REQUEST_TIME' => 1478549302
    'argv' => [
        0 => 'C:\\wamp64\\www\\secmon_backend\\yii'
        1 => 'fixtures/load'
        2 => '*'
    ]
    'argc' => 3
]
2016-11-07 20:08:37 [-][-][-][error][yii\base\ErrorException:4] exception 'yii\base\ErrorException' with message 'syntax error, unexpected '?'' in C:\wamp64\www\secmon_backend\models\User.php:236
Stack trace:
#0 [internal function]: yii\base\ErrorHandler->handleFatalError()
#1 {main}
2016-11-07 20:08:35 [-][-][-][info][application] $_SERVER = [
    'ALLUSERSPROFILE' => 'C:\\ProgramData'
    'APPDATA' => 'C:\\Users\\Norbert\\AppData\\Roaming'
    'CommonProgramFiles' => 'C:\\Program Files\\Common Files'
    'CommonProgramFiles(x86)' => 'C:\\Program Files (x86)\\Common Files'
    'CommonProgramW6432' => 'C:\\Program Files\\Common Files'
    'COMPUTERNAME' => 'NORDZISKO'
    'ComSpec' => 'C:\\WINDOWS\\system32\\cmd.exe'
    'FPS_BROWSER_APP_PROFILE_STRING' => 'Internet Explorer'
    'FPS_BROWSER_USER_PROFILE_STRING' => 'Default'
    'FP_NO_HOST_CHECK' => 'NO'
    'HOMEDRIVE' => 'C:'
    'HOMEPATH' => '\\Users\\Norbert'
    'LOCALAPPDATA' => 'C:\\Users\\Norbert\\AppData\\Local'
    'LOGONSERVER' => '\\\\NORDZISKO'
    'NUMBER_OF_PROCESSORS' => '4'
    'OS' => 'Windows_NT'
    'Path' => 'C:\\WINDOWS\\system32;C:\\WINDOWS;C:\\WINDOWS\\System32\\Wbem;C:\\WINDOWS\\System32\\WindowsPowerShell\\v1.0\\;C:\\Program Files (x86)\\ATI Technologies\\ATI.ACE\\Core-Static;C:\\Program Files\\MiKTeX 2.9\\miktex\\bin\\x64\\;C:\\wamp64\\bin\\php\\php5.6.25;C:\\ProgramData\\ComposerSetup\\bin;C:\\Program Files\\Git\\cmd;C:\\Users\\Norbert\\AppData\\Local\\Microsoft\\WindowsApps;C:\\Users\\Norbert\\AppData\\Roaming\\Composer\\vendor\\bin;C:\\wamp64\\bin\\php\\php7.0.10'
    'PATHEXT' => '.COM;.EXE;.BAT;.CMD;.VBS;.VBE;.JS;.JSE;.WSF;.WSH;.MSC'
    'PHP_COMMAND' => 'php.exe'
    'PROCESSOR_ARCHITECTURE' => 'AMD64'
    'PROCESSOR_IDENTIFIER' => 'Intel64 Family 6 Model 58 Stepping 9, GenuineIntel'
    'PROCESSOR_LEVEL' => '6'
    'PROCESSOR_REVISION' => '3a09'
    'ProgramData' => 'C:\\ProgramData'
    'ProgramFiles' => 'C:\\Program Files'
    'ProgramFiles(x86)' => 'C:\\Program Files (x86)'
    'ProgramW6432' => 'C:\\Program Files'
    'PROMPT' => '$P$G'
    'PSModulePath' => 'C:\\WINDOWS\\system32\\WindowsPowerShell\\v1.0\\Modules\\'
    'PUBLIC' => 'C:\\Users\\Public'
    'SESSIONNAME' => 'Console'
    'SystemDrive' => 'C:'
    'SystemRoot' => 'C:\\WINDOWS'
    'TEMP' => 'C:\\Users\\Norbert\\AppData\\Local\\Temp'
    'TMP' => 'C:\\Users\\Norbert\\AppData\\Local\\Temp'
    'USERDOMAIN' => 'NORDZISKO'
    'USERDOMAIN_ROAMINGPROFILE' => 'NORDZISKO'
    'USERNAME' => 'Norbert'
    'USERPROFILE' => 'C:\\Users\\Norbert'
    'windir' => 'C:\\WINDOWS'
    'YII_PATH' => 'C:\\wamp64\\www\\secmon_backend\\'
    'PHP_SELF' => 'C:\\wamp64\\www\\secmon_backend\\yii'
    'SCRIPT_NAME' => 'C:\\wamp64\\www\\secmon_backend\\yii'
    'SCRIPT_FILENAME' => 'C:\\wamp64\\www\\secmon_backend\\yii'
    'PATH_TRANSLATED' => 'C:\\wamp64\\www\\secmon_backend\\yii'
    'DOCUMENT_ROOT' => ''
    'REQUEST_TIME_FLOAT' => 1478549315.2626
    'REQUEST_TIME' => 1478549315
    'argv' => [
        0 => 'C:\\wamp64\\www\\secmon_backend\\yii'
        1 => 'fixture/load'
        2 => '*'
    ]
    'argc' => 3
]
